2023/10/14 12:51:05 main.go:17: test
2023/10/14 13:11:48 main.go:17: test
2023/10/14 13:15:47 main.go:18: test
2023/10/14 14:50:48 main.go:18: test
2023/10/14 14:50:48 users.go:33: table users has no column named name
2023/10/14 14:56:54 main.go:18: test
2023/10/14 15:55:02 main.go:18: test
2023/10/14 15:57:46 main.go:18: test
2023/10/14 15:58:34 main.go:18: test
2023/10/14 15:58:50 main.go:18: test
2023/10/14 15:59:53 main.go:18: test
2023/10/14 16:00:38 main.go:18: test
2023/10/14 16:06:45 main.go:18: test
2023/10/14 16:07:46 main.go:18: test
2023/10/14 16:08:18 main.go:18: test
2023/10/14 16:21:16 main.go:18: test
2023/10/14 16:43:18 main.go:18: test
2023/10/14 16:50:10 main.go:18: test
2023/10/14 16:58:56 main.go:18: test
2023/10/14 16:58:56 todos.go:23: near "created_at": syntax error
2023/10/14 16:59:27 main.go:18: test
2023/10/14 17:08:05 main.go:18: test
2023/10/14 17:50:37 main.go:18: test
2023/10/14 18:23:40 main.go:18: test
2023/10/16 21:22:24 main.go:18: test
2023/10/16 21:23:27 main.go:18: test
2023/10/16 21:31:18 main.go:18: test
2023/10/16 22:31:51 main.go:18: test
2023/10/16 22:48:48 server.go:13: server start at 8000
2023/10/16 22:50:43 server.go:13: server start at 8080
2023/10/16 22:59:21 server.go:15: server start at 8080
2023/10/16 23:02:51 server.go:16: server start at 8080
2023/10/16 23:43:12 server.go:19: server start at 8080
2023/10/17 21:11:37 server.go:33: server start at 8080
2023/10/17 21:11:46 server.go:3214: http: panic serving [::1]:63993: open app/view/templates/layout.html: no such file or directory
goroutine 7 [running]:
net/http.(*conn).serve.func1()
	/usr/local/go/src/net/http/server.go:1868 +0xb9
panic({0x1004d7e60?, 0xc000071680?})
	/usr/local/go/src/runtime/panic.go:920 +0x270
html/template.Must(...)
	/usr/local/go/src/html/template/template.go:368
todo_app_sample/app/controllers.generateHTML({0x1005c5f48?, 0xc0001d80e0}, {0x1004ac860, 0x1005c2040}, {0xc0001a5aa0?, 0x2, 0xc000016400?})
	/Users/takao.yamasaki/go/src/todo_app_sample/app/controllers/server.go:18 +0x21f
todo_app_sample/app/controllers.top({0x1005c5f48?, 0xc0001d80e0?}, 0xc0001a5b18?)
	/Users/takao.yamasaki/go/src/todo_app_sample/app/controllers/route_main.go:10 +0x6f
net/http.HandlerFunc.ServeHTTP(0x100045c00?, {0x1005c5f48?, 0xc0001d80e0?}, 0x100290a3a?)
	/usr/local/go/src/net/http/server.go:2136 +0x29
net/http.(*ServeMux).ServeHTTP(0x1008719a0?, {0x1005c5f48, 0xc0001d80e0}, 0xc0001b2100)
	/usr/local/go/src/net/http/server.go:2514 +0x142
net/http.serverHandler.ServeHTTP({0xc000071470?}, {0x1005c5f48?, 0xc0001d80e0?}, 0x6?)
	/usr/local/go/src/net/http/server.go:2938 +0x8e
net/http.(*conn).serve(0xc0001c4090, {0x1005c6738, 0xc000071380})
	/usr/local/go/src/net/http/server.go:2009 +0x5f4
created by net/http.(*Server).Serve in goroutine 1
	/usr/local/go/src/net/http/server.go:3086 +0x5cb
2023/10/17 21:11:46 server.go:3214: http: panic serving [::1]:63994: open app/view/templates/layout.html: no such file or directory
goroutine 8 [running]:
net/http.(*conn).serve.func1()
	/usr/local/go/src/net/http/server.go:1868 +0xb9
panic({0x1004d7e60?, 0xc000071770?})
	/usr/local/go/src/runtime/panic.go:920 +0x270
html/template.Must(...)
	/usr/local/go/src/html/template/template.go:368
todo_app_sample/app/controllers.generateHTML({0x1005c5f48?, 0xc0001d82a0}, {0x1004ac860, 0x1005c2040}, {0xc000050aa0?, 0x2, 0xc000016460?})
	/Users/takao.yamasaki/go/src/todo_app_sample/app/controllers/server.go:18 +0x21f
todo_app_sample/app/controllers.top({0x1005c5f48?, 0xc0001d82a0?}, 0xc000050b18?)
	/Users/takao.yamasaki/go/src/todo_app_sample/app/controllers/route_main.go:10 +0x6f
net/http.HandlerFunc.ServeHTTP(0x100045c00?, {0x1005c5f48?, 0xc0001d82a0?}, 0x100290a3a?)
	/usr/local/go/src/net/http/server.go:2136 +0x29
net/http.(*ServeMux).ServeHTTP(0x1008719a0?, {0x1005c5f48, 0xc0001d82a0}, 0xc0001b2200)
	/usr/local/go/src/net/http/server.go:2514 +0x142
net/http.serverHandler.ServeHTTP({0xc000071560?}, {0x1005c5f48?, 0xc0001d82a0?}, 0x6?)
	/usr/local/go/src/net/http/server.go:2938 +0x8e
net/http.(*conn).serve(0xc0001c4120, {0x1005c6738, 0xc000071380})
	/usr/local/go/src/net/http/server.go:2009 +0x5f4
created by net/http.(*Server).Serve in goroutine 1
	/usr/local/go/src/net/http/server.go:3086 +0x5cb
2023/10/17 21:11:46 server.go:3214: http: panic serving [::1]:63995: open app/view/templates/layout.html: no such file or directory
goroutine 11 [running]:
net/http.(*conn).serve.func1()
	/usr/local/go/src/net/http/server.go:1868 +0xb9
panic({0x1004d7e60?, 0xc000071950?})
	/usr/local/go/src/runtime/panic.go:920 +0x270
html/template.Must(...)
	/usr/local/go/src/html/template/template.go:368
todo_app_sample/app/controllers.generateHTML({0x1005c5f48?, 0xc0001d8460}, {0x1004ac860, 0x1005c2040}, {0xc000050aa0?, 0x2, 0xc0000164d0?})
	/Users/takao.yamasaki/go/src/todo_app_sample/app/controllers/server.go:18 +0x21f
todo_app_sample/app/controllers.top({0x1005c5f48?, 0xc0001d8460?}, 0xc000050b18?)
	/Users/takao.yamasaki/go/src/todo_app_sample/app/controllers/route_main.go:10 +0x6f
net/http.HandlerFunc.ServeHTTP(0x100045c00?, {0x1005c5f48?, 0xc0001d8460?}, 0x100290a3a?)
	/usr/local/go/src/net/http/server.go:2136 +0x29
net/http.(*ServeMux).ServeHTTP(0x1008719a0?, {0x1005c5f48, 0xc0001d8460}, 0xc0001b2300)
	/usr/local/go/src/net/http/server.go:2514 +0x142
net/http.serverHandler.ServeHTTP({0xc000071890?}, {0x1005c5f48?, 0xc0001d8460?}, 0x6?)
	/usr/local/go/src/net/http/server.go:2938 +0x8e
net/http.(*conn).serve(0xc0001c43f0, {0x1005c6738, 0xc000071380})
	/usr/local/go/src/net/http/server.go:2009 +0x5f4
created by net/http.(*Server).Serve in goroutine 1
	/usr/local/go/src/net/http/server.go:3086 +0x5cb
2023/10/17 21:11:47 server.go:3214: http: panic serving [::1]:63996: open app/view/templates/layout.html: no such file or directory
goroutine 13 [running]:
net/http.(*conn).serve.func1()
	/usr/local/go/src/net/http/server.go:1868 +0xb9
panic({0x1004d7e60?, 0xc0001140f0?})
	/usr/local/go/src/runtime/panic.go:920 +0x270
html/template.Must(...)
	/usr/local/go/src/html/template/template.go:368
todo_app_sample/app/controllers.generateHTML({0x1005c5f48?, 0xc000132000}, {0x1004ac860, 0x1005c2040}, {0xc00004aaa0?, 0x2, 0xc000116020?})
	/Users/takao.yamasaki/go/src/todo_app_sample/app/controllers/server.go:18 +0x21f
todo_app_sample/app/controllers.top({0x1005c5f48?, 0xc000132000?}, 0xc00004ab18?)
	/Users/takao.yamasaki/go/src/todo_app_sample/app/controllers/route_main.go:10 +0x6f
net/http.HandlerFunc.ServeHTTP(0x100045c00?, {0x1005c5f48?, 0xc000132000?}, 0x100290a3a?)
	/usr/local/go/src/net/http/server.go:2136 +0x29
net/http.(*ServeMux).ServeHTTP(0x1008719a0?, {0x1005c5f48, 0xc000132000}, 0xc000118000)
	/usr/local/go/src/net/http/server.go:2514 +0x142
net/http.serverHandler.ServeHTTP({0xc000114030?}, {0x1005c5f48?, 0xc000132000?}, 0x6?)
	/usr/local/go/src/net/http/server.go:2938 +0x8e
net/http.(*conn).serve(0xc0001c45a0, {0x1005c6738, 0xc000071380})
	/usr/local/go/src/net/http/server.go:2009 +0x5f4
created by net/http.(*Server).Serve in goroutine 1
	/usr/local/go/src/net/http/server.go:3086 +0x5cb
2023/10/17 21:11:52 server.go:3214: http: panic serving [::1]:63997: open app/view/templates/layout.html: no such file or directory
goroutine 14 [running]:
net/http.(*conn).serve.func1()
	/usr/local/go/src/net/http/server.go:1868 +0xb9
panic({0x1004d7e60?, 0xc000071b30?})
	/usr/local/go/src/runtime/panic.go:920 +0x270
html/template.Must(...)
	/usr/local/go/src/html/template/template.go:368
todo_app_sample/app/controllers.generateHTML({0x1005c5f48?, 0xc0001d8620}, {0x1004ac860, 0x1005c2040}, {0xc000050aa0?, 0x2, 0xc000016540?})
	/Users/takao.yamasaki/go/src/todo_app_sample/app/controllers/server.go:18 +0x21f
todo_app_sample/app/controllers.top({0x1005c5f48?, 0xc0001d8620?}, 0xc000050b18?)
	/Users/takao.yamasaki/go/src/todo_app_sample/app/controllers/route_main.go:10 +0x6f
net/http.HandlerFunc.ServeHTTP(0x100045c00?, {0x1005c5f48?, 0xc0001d8620?}, 0x100290a3a?)
	/usr/local/go/src/net/http/server.go:2136 +0x29
net/http.(*ServeMux).ServeHTTP(0x1008719a0?, {0x1005c5f48, 0xc0001d8620}, 0xc0001b2400)
	/usr/local/go/src/net/http/server.go:2514 +0x142
net/http.serverHandler.ServeHTTP({0xc000071a70?}, {0x1005c5f48?, 0xc0001d8620?}, 0x6?)
	/usr/local/go/src/net/http/server.go:2938 +0x8e
net/http.(*conn).serve(0xc0001c4630, {0x1005c6738, 0xc000071380})
	/usr/local/go/src/net/http/server.go:2009 +0x5f4
created by net/http.(*Server).Serve in goroutine 1
	/usr/local/go/src/net/http/server.go:3086 +0x5cb
2023/10/17 21:11:52 server.go:3214: http: panic serving [::1]:63998: open app/view/templates/layout.html: no such file or directory
goroutine 19 [running]:
net/http.(*conn).serve.func1()
	/usr/local/go/src/net/http/server.go:1868 +0xb9
panic({0x1004d7e60?, 0xc00020a090?})
	/usr/local/go/src/runtime/panic.go:920 +0x270
html/template.Must(...)
	/usr/local/go/src/html/template/template.go:368
todo_app_sample/app/controllers.generateHTML({0x1005c5f48?, 0xc000222000}, {0x1004ac860, 0x1005c2040}, {0xc00004aaa0?, 0x2, 0xc00021e010?})
	/Users/takao.yamasaki/go/src/todo_app_sample/app/controllers/server.go:18 +0x21f
todo_app_sample/app/controllers.top({0x1005c5f48?, 0xc000222000?}, 0xc00004ab18?)
	/Users/takao.yamasaki/go/src/todo_app_sample/app/controllers/route_main.go:10 +0x6f
net/http.HandlerFunc.ServeHTTP(0x100045c00?, {0x1005c5f48?, 0xc000222000?}, 0x100290a3a?)
	/usr/local/go/src/net/http/server.go:2136 +0x29
net/http.(*ServeMux).ServeHTTP(0x1008719a0?, {0x1005c5f48, 0xc000222000}, 0xc000118100)
	/usr/local/go/src/net/http/server.go:2514 +0x142
net/http.serverHandler.ServeHTTP({0xc0001141b0?}, {0x1005c5f48?, 0xc000222000?}, 0x6?)
	/usr/local/go/src/net/http/server.go:2938 +0x8e
net/http.(*conn).serve(0xc00011c120, {0x1005c6738, 0xc000071380})
	/usr/local/go/src/net/http/server.go:2009 +0x5f4
created by net/http.(*Server).Serve in goroutine 1
	/usr/local/go/src/net/http/server.go:3086 +0x5cb
2023/10/17 21:11:52 server.go:3214: http: panic serving [::1]:63999: open app/view/templates/layout.html: no such file or directory
goroutine 20 [running]:
net/http.(*conn).serve.func1()
	/usr/local/go/src/net/http/server.go:1868 +0xb9
panic({0x1004d7e60?, 0xc000114360?})
	/usr/local/go/src/runtime/panic.go:920 +0x270
html/template.Must(...)
	/usr/local/go/src/html/template/template.go:368
todo_app_sample/app/controllers.generateHTML({0x1005c5f48?, 0xc0001321c0}, {0x1004ac860, 0x1005c2040}, {0xc00004baa0?, 0x2, 0xc0001160a0?})
	/Users/takao.yamasaki/go/src/todo_app_sample/app/controllers/server.go:18 +0x21f
todo_app_sample/app/controllers.top({0x1005c5f48?, 0xc0001321c0?}, 0xc00004bb18?)
	/Users/takao.yamasaki/go/src/todo_app_sample/app/controllers/route_main.go:10 +0x6f
net/http.HandlerFunc.ServeHTTP(0x100045c00?, {0x1005c5f48?, 0xc0001321c0?}, 0x100290a3a?)
	/usr/local/go/src/net/http/server.go:2136 +0x29
net/http.(*ServeMux).ServeHTTP(0x1008719a0?, {0x1005c5f48, 0xc0001321c0}, 0xc000118200)
	/usr/local/go/src/net/http/server.go:2514 +0x142
net/http.serverHandler.ServeHTTP({0xc000114270?}, {0x1005c5f48?, 0xc0001321c0?}, 0x6?)
	/usr/local/go/src/net/http/server.go:2938 +0x8e
net/http.(*conn).serve(0xc00011c1b0, {0x1005c6738, 0xc000071380})
	/usr/local/go/src/net/http/server.go:2009 +0x5f4
created by net/http.(*Server).Serve in goroutine 1
	/usr/local/go/src/net/http/server.go:3086 +0x5cb
2023/10/17 21:12:22 server.go:3214: http: panic serving [::1]:64000: open app/view/templates/layout.html: no such file or directory
goroutine 16 [running]:
net/http.(*conn).serve.func1()
	/usr/local/go/src/net/http/server.go:1868 +0xb9
panic({0x1004d7e60?, 0xc000114450?})
	/usr/local/go/src/runtime/panic.go:920 +0x270
html/template.Must(...)
	/usr/local/go/src/html/template/template.go:368
todo_app_sample/app/controllers.generateHTML({0x1005c5f48?, 0xc000132380}, {0x1004ac860, 0x1005c2040}, {0xc00004faa0?, 0x2, 0xc000116100?})
	/Users/takao.yamasaki/go/src/todo_app_sample/app/controllers/server.go:18 +0x21f
todo_app_sample/app/controllers.top({0x1005c5f48?, 0xc000132380?}, 0xc00004fb18?)
	/Users/takao.yamasaki/go/src/todo_app_sample/app/controllers/route_main.go:10 +0x6f
net/http.HandlerFunc.ServeHTTP(0x100045c00?, {0x1005c5f48?, 0xc000132380?}, 0x100290a3a?)
	/usr/local/go/src/net/http/server.go:2136 +0x29
net/http.(*ServeMux).ServeHTTP(0x1008719a0?, {0x1005c5f48, 0xc000132380}, 0xc0001b2600)
	/usr/local/go/src/net/http/server.go:2514 +0x142
net/http.serverHandler.ServeHTTP({0xc000071cb0?}, {0x1005c5f48?, 0xc000132380?}, 0x6?)
	/usr/local/go/src/net/http/server.go:2938 +0x8e
net/http.(*conn).serve(0xc0001c47e0, {0x1005c6738, 0xc000071380})
	/usr/local/go/src/net/http/server.go:2009 +0x5f4
created by net/http.(*Server).Serve in goroutine 1
	/usr/local/go/src/net/http/server.go:3086 +0x5cb
2023/10/17 21:12:23 server.go:3214: http: panic serving [::1]:64001: open app/view/templates/layout.html: no such file or directory
goroutine 50 [running]:
net/http.(*conn).serve.func1()
	/usr/local/go/src/net/http/server.go:1868 +0xb9
panic({0x1004d7e60?, 0xc000114570?})
	/usr/local/go/src/runtime/panic.go:920 +0x270
html/template.Must(...)
	/usr/local/go/src/html/template/template.go:368
todo_app_sample/app/controllers.generateHTML({0x1005c5f48?, 0xc000132540}, {0x1004ac860, 0x1005c2040}, {0xc000050aa0?, 0x2, 0xc000116160?})
	/Users/takao.yamasaki/go/src/todo_app_sample/app/controllers/server.go:18 +0x21f
todo_app_sample/app/controllers.top({0x1005c5f48?, 0xc000132540?}, 0xc000050b18?)
	/Users/takao.yamasaki/go/src/todo_app_sample/app/controllers/route_main.go:10 +0x6f
net/http.HandlerFunc.ServeHTTP(0x100045c00?, {0x1005c5f48?, 0xc000132540?}, 0x100290a3a?)
	/usr/local/go/src/net/http/server.go:2136 +0x29
net/http.(*ServeMux).ServeHTTP(0x1008719a0?, {0x1005c5f48, 0xc000132540}, 0xc0001b2500)
	/usr/local/go/src/net/http/server.go:2514 +0x142
net/http.serverHandler.ServeHTTP({0xc000071c50?}, {0x1005c5f48?, 0xc000132540?}, 0x6?)
	/usr/local/go/src/net/http/server.go:2938 +0x8e
net/http.(*conn).serve(0xc0001c4870, {0x1005c6738, 0xc000071380})
	/usr/local/go/src/net/http/server.go:2009 +0x5f4
created by net/http.(*Server).Serve in goroutine 1
	/usr/local/go/src/net/http/server.go:3086 +0x5cb
2023/10/17 21:12:23 server.go:3214: http: panic serving [::1]:64002: open app/view/templates/layout.html: no such file or directory
goroutine 24 [running]:
net/http.(*conn).serve.func1()
	/usr/local/go/src/net/http/server.go:1868 +0xb9
panic({0x1004d7e60?, 0xc0001146f0?})
	/usr/local/go/src/runtime/panic.go:920 +0x270
html/template.Must(...)
	/usr/local/go/src/html/template/template.go:368
todo_app_sample/app/controllers.generateHTML({0x1005c5f48?, 0xc000132700}, {0x1004ac860, 0x1005c2040}, {0xc000050aa0?, 0x2, 0xc0001161d0?})
	/Users/takao.yamasaki/go/src/todo_app_sample/app/controllers/server.go:18 +0x21f
todo_app_sample/app/controllers.top({0x1005c5f48?, 0xc000132700?}, 0xc000050b18?)
	/Users/takao.yamasaki/go/src/todo_app_sample/app/controllers/route_main.go:10 +0x6f
net/http.HandlerFunc.ServeHTTP(0x100045c00?, {0x1005c5f48?, 0xc000132700?}, 0x100290a3a?)
	/usr/local/go/src/net/http/server.go:2136 +0x29
net/http.(*ServeMux).ServeHTTP(0x1008719a0?, {0x1005c5f48, 0xc000132700}, 0xc000118300)
	/usr/local/go/src/net/http/server.go:2514 +0x142
net/http.serverHandler.ServeHTTP({0xc000114630?}, {0x1005c5f48?, 0xc000132700?}, 0x6?)
	/usr/local/go/src/net/http/server.go:2938 +0x8e
net/http.(*conn).serve(0xc00011c5a0, {0x1005c6738, 0xc000071380})
	/usr/local/go/src/net/http/server.go:2009 +0x5f4
created by net/http.(*Server).Serve in goroutine 1
	/usr/local/go/src/net/http/server.go:3086 +0x5cb
2023/10/17 21:13:23 server.go:3214: http: panic serving [::1]:64004: open app/view/templates/layout.html: no such file or directory
goroutine 35 [running]:
net/http.(*conn).serve.func1()
	/usr/local/go/src/net/http/server.go:1868 +0xb9
panic({0x1004d7e60?, 0xc000114810?})
	/usr/local/go/src/runtime/panic.go:920 +0x270
html/template.Must(...)
	/usr/local/go/src/html/template/template.go:368
todo_app_sample/app/controllers.generateHTML({0x1005c5f48?, 0xc0001328c0}, {0x1004ac860, 0x1005c2040}, {0xc000050aa0?, 0x2, 0xc000116240?})
	/Users/takao.yamasaki/go/src/todo_app_sample/app/controllers/server.go:18 +0x21f
todo_app_sample/app/controllers.top({0x1005c5f48?, 0xc0001328c0?}, 0xc000050b18?)
	/Users/takao.yamasaki/go/src/todo_app_sample/app/controllers/route_main.go:10 +0x6f
net/http.HandlerFunc.ServeHTTP(0x100045c00?, {0x1005c5f48?, 0xc0001328c0?}, 0x100290a3a?)
	/usr/local/go/src/net/http/server.go:2136 +0x29
net/http.(*ServeMux).ServeHTTP(0x1008719a0?, {0x1005c5f48, 0xc0001328c0}, 0xc000118400)
	/usr/local/go/src/net/http/server.go:2514 +0x142
net/http.serverHandler.ServeHTTP({0xc000114750?}, {0x1005c5f48?, 0xc0001328c0?}, 0x6?)
	/usr/local/go/src/net/http/server.go:2938 +0x8e
net/http.(*conn).serve(0xc000206120, {0x1005c6738, 0xc000071380})
	/usr/local/go/src/net/http/server.go:2009 +0x5f4
created by net/http.(*Server).Serve in goroutine 1
	/usr/local/go/src/net/http/server.go:3086 +0x5cb
2023/10/17 21:15:52 server.go:33: server start at 8080
2023/10/17 21:15:57 server.go:3214: http: panic serving [::1]:64010: open /app/views/templates/layout.html: no such file or directory
goroutine 7 [running]:
net/http.(*conn).serve.func1()
	/usr/local/go/src/net/http/server.go:1868 +0xb9
panic({0x1004d7e40?, 0xc0001860c0?})
	/usr/local/go/src/runtime/panic.go:920 +0x270
html/template.Must(...)
	/usr/local/go/src/html/template/template.go:368
todo_app_sample/app/controllers.generateHTML({0x1005c5f48?, 0xc0001aa000}, {0x1004ac840, 0x1005c2040}, {0xc000127aa0?, 0x2, 0xc0001a6010?})
	/Users/takao.yamasaki/go/src/todo_app_sample/app/controllers/server.go:18 +0x21f
todo_app_sample/app/controllers.top({0x1005c5f48?, 0xc0001aa000?}, 0xc000127b18?)
	/Users/takao.yamasaki/go/src/todo_app_sample/app/controllers/route_main.go:10 +0x6f
net/http.HandlerFunc.ServeHTTP(0x100045be0?, {0x1005c5f48?, 0xc0001aa000?}, 0x100290a1a?)
	/usr/local/go/src/net/http/server.go:2136 +0x29
net/http.(*ServeMux).ServeHTTP(0x1008719a0?, {0x1005c5f48, 0xc0001aa000}, 0xc00009e000)
	/usr/local/go/src/net/http/server.go:2514 +0x142
net/http.serverHandler.ServeHTTP({0xc000094030?}, {0x1005c5f48?, 0xc0001aa000?}, 0x6?)
	/usr/local/go/src/net/http/server.go:2938 +0x8e
net/http.(*conn).serve(0xc00014e090, {0x1005c6738, 0xc00007d380})
	/usr/local/go/src/net/http/server.go:2009 +0x5f4
created by net/http.(*Server).Serve in goroutine 1
	/usr/local/go/src/net/http/server.go:3086 +0x5cb
2023/10/17 21:15:57 server.go:3214: http: panic serving [::1]:64011: open /app/views/templates/layout.html: no such file or directory
goroutine 8 [running]:
net/http.(*conn).serve.func1()
	/usr/local/go/src/net/http/server.go:1868 +0xb9
panic({0x1004d7e40?, 0xc000094120?})
	/usr/local/go/src/runtime/panic.go:920 +0x270
html/template.Must(...)
	/usr/local/go/src/html/template/template.go:368
todo_app_sample/app/controllers.generateHTML({0x1005c5f48?, 0xc0000b8000}, {0x1004ac840, 0x1005c2040}, {0xc00004faa0?, 0x2, 0xc000098020?})
	/Users/takao.yamasaki/go/src/todo_app_sample/app/controllers/server.go:18 +0x21f
todo_app_sample/app/controllers.top({0x1005c5f48?, 0xc0000b8000?}, 0xc00004fb18?)
	/Users/takao.yamasaki/go/src/todo_app_sample/app/controllers/route_main.go:10 +0x6f
net/http.HandlerFunc.ServeHTTP(0x100045be0?, {0x1005c5f48?, 0xc0000b8000?}, 0x100290a1a?)
	/usr/local/go/src/net/http/server.go:2136 +0x29
net/http.(*ServeMux).ServeHTTP(0x1008719a0?, {0x1005c5f48, 0xc0000b8000}, 0xc00013c100)
	/usr/local/go/src/net/http/server.go:2514 +0x142
net/http.serverHandler.ServeHTTP({0xc00007d4d0?}, {0x1005c5f48?, 0xc0000b8000?}, 0x6?)
	/usr/local/go/src/net/http/server.go:2938 +0x8e
net/http.(*conn).serve(0xc00014e120, {0x1005c6738, 0xc00007d380})
	/usr/local/go/src/net/http/server.go:2009 +0x5f4
created by net/http.(*Server).Serve in goroutine 1
	/usr/local/go/src/net/http/server.go:3086 +0x5cb
2023/10/17 21:15:57 server.go:3214: http: panic serving [::1]:64012: open /app/views/templates/layout.html: no such file or directory
goroutine 35 [running]:
net/http.(*conn).serve.func1()
	/usr/local/go/src/net/http/server.go:1868 +0xb9
panic({0x1004d7e40?, 0xc0000942a0?})
	/usr/local/go/src/runtime/panic.go:920 +0x270
html/template.Must(...)
	/usr/local/go/src/html/template/template.go:368
todo_app_sample/app/controllers.generateHTML({0x1005c5f48?, 0xc0000b81c0}, {0x1004ac840, 0x1005c2040}, {0xc00004faa0?, 0x2, 0xc000098090?})
	/Users/takao.yamasaki/go/src/todo_app_sample/app/controllers/server.go:18 +0x21f
todo_app_sample/app/controllers.top({0x1005c5f48?, 0xc0000b81c0?}, 0xc00004fb18?)
	/Users/takao.yamasaki/go/src/todo_app_sample/app/controllers/route_main.go:10 +0x6f
net/http.HandlerFunc.ServeHTTP(0x100045be0?, {0x1005c5f48?, 0xc0000b81c0?}, 0x100290a1a?)
	/usr/local/go/src/net/http/server.go:2136 +0x29
net/http.(*ServeMux).ServeHTTP(0x1008719a0?, {0x1005c5f48, 0xc0000b81c0}, 0xc00009e100)
	/usr/local/go/src/net/http/server.go:2514 +0x142
net/http.serverHandler.ServeHTTP({0xc0000941e0?}, {0x1005c5f48?, 0xc0000b81c0?}, 0x6?)
	/usr/local/go/src/net/http/server.go:2938 +0x8e
net/http.(*conn).serve(0xc0000a0120, {0x1005c6738, 0xc00007d380})
	/usr/local/go/src/net/http/server.go:2009 +0x5f4
created by net/http.(*Server).Serve in goroutine 1
	/usr/local/go/src/net/http/server.go:3086 +0x5cb
2023/10/17 21:17:44 server.go:33: server start at 8080
2023/10/17 21:17:48 server.go:3214: http: panic serving [::1]:64017: template: layout.html:12: unexpected <define> in command
goroutine 20 [running]:
net/http.(*conn).serve.func1()
	/usr/local/go/src/net/http/server.go:1868 +0xb9
panic({0x1004c14a0?, 0xc000016120?})
	/usr/local/go/src/runtime/panic.go:920 +0x270
html/template.Must(...)
	/usr/local/go/src/html/template/template.go:368
todo_app_sample/app/controllers.generateHTML({0x1005c5f48?, 0xc00020a000}, {0x1004ac860, 0x1005c2040}, {0xc000153aa0?, 0x2, 0xc000016060?})
	/Users/takao.yamasaki/go/src/todo_app_sample/app/controllers/server.go:18 +0x21f
todo_app_sample/app/controllers.top({0x1005c5f48?, 0xc00020a000?}, 0xc000153b18?)
	/Users/takao.yamasaki/go/src/todo_app_sample/app/controllers/route_main.go:10 +0x6f
net/http.HandlerFunc.ServeHTTP(0x100045c00?, {0x1005c5f48?, 0xc00020a000?}, 0x100290a3a?)
	/usr/local/go/src/net/http/server.go:2136 +0x29
net/http.(*ServeMux).ServeHTTP(0x1008719a0?, {0x1005c5f48, 0xc00020a000}, 0xc000168100)
	/usr/local/go/src/net/http/server.go:2514 +0x142
net/http.serverHandler.ServeHTTP({0xc000117470?}, {0x1005c5f48?, 0xc00020a000?}, 0x6?)
	/usr/local/go/src/net/http/server.go:2938 +0x8e
net/http.(*conn).serve(0xc00017a090, {0x1005c6738, 0xc000117380})
	/usr/local/go/src/net/http/server.go:2009 +0x5f4
created by net/http.(*Server).Serve in goroutine 1
	/usr/local/go/src/net/http/server.go:3086 +0x5cb
2023/10/17 21:22:28 server.go:33: server start at 8080
2023/10/17 21:22:30 server.go:3214: http: panic serving [::1]:64043: template: layout.html:12: unexpected <define> in command
goroutine 20 [running]:
net/http.(*conn).serve.func1()
	/usr/local/go/src/net/http/server.go:1868 +0xb9
panic({0x1004c14a0?, 0xc000098470?})
	/usr/local/go/src/runtime/panic.go:920 +0x270
html/template.Must(...)
	/usr/local/go/src/html/template/template.go:368
todo_app_sample/app/controllers.generateHTML({0x1005c5f48?, 0xc0001140e0}, {0x1004ac860, 0x1005c2040}, {0xc0000e1aa0?, 0x2, 0xc0000983b0?})
	/Users/takao.yamasaki/go/src/todo_app_sample/app/controllers/server.go:18 +0x21f
todo_app_sample/app/controllers.top({0x1005c5f48?, 0xc0001140e0?}, 0xc0000e1b18?)
	/Users/takao.yamasaki/go/src/todo_app_sample/app/controllers/route_main.go:10 +0x6f
net/http.HandlerFunc.ServeHTTP(0x100045c00?, {0x1005c5f48?, 0xc0001140e0?}, 0x100290a3a?)
	/usr/local/go/src/net/http/server.go:2136 +0x29
net/http.(*ServeMux).ServeHTTP(0x1008719a0?, {0x1005c5f48, 0xc0001140e0}, 0xc0000f0200)
	/usr/local/go/src/net/http/server.go:2514 +0x142
net/http.serverHandler.ServeHTTP({0xc00009d560?}, {0x1005c5f48?, 0xc0001140e0?}, 0x6?)
	/usr/local/go/src/net/http/server.go:2938 +0x8e
net/http.(*conn).serve(0xc000102090, {0x1005c6738, 0xc00009d380})
	/usr/local/go/src/net/http/server.go:2009 +0x5f4
created by net/http.(*Server).Serve in goroutine 1
	/usr/local/go/src/net/http/server.go:3086 +0x5cb
2023/10/17 21:24:00 server.go:33: server start at 8080
2023/10/17 21:26:15 server.go:33: server start at 8080
2023/10/17 21:27:38 server.go:33: server start at 8080
2023/10/19 09:40:24 server.go:37: server start at 8080
2023/10/19 09:40:40 server.go:3214: http: panic serving [::1]:64282: open app/views/templates/navbar.html: no such file or directory
goroutine 20 [running]:
net/http.(*conn).serve.func1()
	/usr/local/go/src/net/http/server.go:1868 +0xb9
panic({0x1004d7d00?, 0xc000115b00?})
	/usr/local/go/src/runtime/panic.go:920 +0x270
html/template.Must(...)
	/usr/local/go/src/html/template/template.go:368
todo_app_sample/app/controllers.generateHTML({0x1005c5e48?, 0xc00017e2a0}, {0x0, 0x0}, {0xc00023ba90?, 0x3, 0xc00023baf0?})
	/Users/takao.yamasaki/go/src/todo_app_sample/app/controllers/server.go:19 +0x21f
todo_app_sample/app/controllers.signup({0x1005c5e48?, 0xc00017e2a0?}, 0xc00023bb18?)
	/Users/takao.yamasaki/go/src/todo_app_sample/app/controllers/route_auth.go:6 +0x87
net/http.HandlerFunc.ServeHTTP(0x1000459a0?, {0x1005c5e48?, 0xc00017e2a0?}, 0x1002907da?)
	/usr/local/go/src/net/http/server.go:2136 +0x29
net/http.(*ServeMux).ServeHTTP(0x1008719a0?, {0x1005c5e48, 0xc00017e2a0}, 0xc000168400)
	/usr/local/go/src/net/http/server.go:2514 +0x142
net/http.serverHandler.ServeHTTP({0xc000115560?}, {0x1005c5e48?, 0xc00017e2a0?}, 0x6?)
	/usr/local/go/src/net/http/server.go:2938 +0x8e
net/http.(*conn).serve(0xc00017a090, {0x1005c6638, 0xc000115380})
	/usr/local/go/src/net/http/server.go:2009 +0x5f4
created by net/http.(*Server).Serve in goroutine 1
	/usr/local/go/src/net/http/server.go:3086 +0x5cb
2023/10/19 09:40:40 server.go:3214: http: panic serving [::1]:64284: open app/views/templates/navbar.html: no such file or directory
goroutine 52 [running]:
net/http.(*conn).serve.func1()
	/usr/local/go/src/net/http/server.go:1868 +0xb9
panic({0x1004d7d00?, 0xc000115f80?})
	/usr/local/go/src/runtime/panic.go:920 +0x270
html/template.Must(...)
	/usr/local/go/src/html/template/template.go:368
todo_app_sample/app/controllers.generateHTML({0x1005c5e48?, 0xc00017e460}, {0x0, 0x0}, {0xc000159a90?, 0x3, 0xc000159af0?})
	/Users/takao.yamasaki/go/src/todo_app_sample/app/controllers/server.go:19 +0x21f
todo_app_sample/app/controllers.signup({0x1005c5e48?, 0xc00017e460?}, 0xc000159b18?)
	/Users/takao.yamasaki/go/src/todo_app_sample/app/controllers/route_auth.go:6 +0x87
net/http.HandlerFunc.ServeHTTP(0x1000459a0?, {0x1005c5e48?, 0xc00017e460?}, 0x1002907da?)
	/usr/local/go/src/net/http/server.go:2136 +0x29
net/http.(*ServeMux).ServeHTTP(0x1008719a0?, {0x1005c5e48, 0xc00017e460}, 0xc000168500)
	/usr/local/go/src/net/http/server.go:2514 +0x142
net/http.serverHandler.ServeHTTP({0xc000203410?}, {0x1005c5e48?, 0xc00017e460?}, 0x6?)
	/usr/local/go/src/net/http/server.go:2938 +0x8e
net/http.(*conn).serve(0xc00024e2d0, {0x1005c6638, 0xc000115380})
	/usr/local/go/src/net/http/server.go:2009 +0x5f4
created by net/http.(*Server).Serve in goroutine 1
	/usr/local/go/src/net/http/server.go:3086 +0x5cb
2023/10/19 09:40:40 server.go:3214: http: panic serving [::1]:64283: open app/views/templates/navbar.html: no such file or directory
goroutine 21 [running]:
net/http.(*conn).serve.func1()
	/usr/local/go/src/net/http/server.go:1868 +0xb9
panic({0x1004d7d00?, 0xc000337b30?})
	/usr/local/go/src/runtime/panic.go:920 +0x270
html/template.Must(...)
	/usr/local/go/src/html/template/template.go:368
todo_app_sample/app/controllers.generateHTML({0x1005c5e48?, 0xc000358000}, {0x0, 0x0}, {0xc000153a90?, 0x3, 0xc000153af0?})
	/Users/takao.yamasaki/go/src/todo_app_sample/app/controllers/server.go:19 +0x21f
todo_app_sample/app/controllers.signup({0x1005c5e48?, 0xc000358000?}, 0xc000153b18?)
	/Users/takao.yamasaki/go/src/todo_app_sample/app/controllers/route_auth.go:6 +0x87
net/http.HandlerFunc.ServeHTTP(0x1000459a0?, {0x1005c5e48?, 0xc000358000?}, 0x1002907da?)
	/usr/local/go/src/net/http/server.go:2136 +0x29
net/http.(*ServeMux).ServeHTTP(0x1008719a0?, {0x1005c5e48, 0xc000358000}, 0xc000332100)
	/usr/local/go/src/net/http/server.go:2514 +0x142
net/http.serverHandler.ServeHTTP({0xc0001154d0?}, {0x1005c5e48?, 0xc000358000?}, 0x6?)
	/usr/local/go/src/net/http/server.go:2938 +0x8e
net/http.(*conn).serve(0xc00017a120, {0x1005c6638, 0xc000115380})
	/usr/local/go/src/net/http/server.go:2009 +0x5f4
created by net/http.(*Server).Serve in goroutine 1
	/usr/local/go/src/net/http/server.go:3086 +0x5cb
2023/10/19 09:40:40 server.go:3214: http: panic serving [::1]:64287: open app/views/templates/navbar.html: no such file or directory
goroutine 35 [running]:
net/http.(*conn).serve.func1()
	/usr/local/go/src/net/http/server.go:1868 +0xb9
panic({0x1004d7d00?, 0xc000098600?})
	/usr/local/go/src/runtime/panic.go:920 +0x270
html/template.Must(...)
	/usr/local/go/src/html/template/template.go:368
todo_app_sample/app/controllers.generateHTML({0x1005c5e48?, 0xc0000b80e0}, {0x0, 0x0}, {0xc00004ba90?, 0x3, 0xc00004baf0?})
	/Users/takao.yamasaki/go/src/todo_app_sample/app/controllers/server.go:19 +0x21f
todo_app_sample/app/controllers.signup({0x1005c5e48?, 0xc0000b80e0?}, 0xc00004bb18?)
	/Users/takao.yamasaki/go/src/todo_app_sample/app/controllers/route_auth.go:6 +0x87
net/http.HandlerFunc.ServeHTTP(0x1000459a0?, {0x1005c5e48?, 0xc0000b80e0?}, 0x1002907da?)
	/usr/local/go/src/net/http/server.go:2136 +0x29
net/http.(*ServeMux).ServeHTTP(0x1008719a0?, {0x1005c5e48, 0xc0000b80e0}, 0xc0000d4000)
	/usr/local/go/src/net/http/server.go:2514 +0x142
net/http.serverHandler.ServeHTTP({0xc000098150?}, {0x1005c5e48?, 0xc0000b80e0?}, 0x6?)
	/usr/local/go/src/net/http/server.go:2938 +0x8e
net/http.(*conn).serve(0xc000094120, {0x1005c6638, 0xc000115380})
	/usr/local/go/src/net/http/server.go:2009 +0x5f4
created by net/http.(*Server).Serve in goroutine 1
	/usr/local/go/src/net/http/server.go:3086 +0x5cb
2023/10/19 09:40:41 server.go:3214: http: panic serving [::1]:64288: open app/views/templates/navbar.html: no such file or directory
goroutine 25 [running]:
net/http.(*conn).serve.func1()
	/usr/local/go/src/net/http/server.go:1868 +0xb9
panic({0x1004d7d00?, 0xc000098b10?})
	/usr/local/go/src/runtime/panic.go:920 +0x270
html/template.Must(...)
	/usr/local/go/src/html/template/template.go:368
todo_app_sample/app/controllers.generateHTML({0x1005c5e48?, 0xc0000b82a0}, {0x0, 0x0}, {0xc00004ba90?, 0x3, 0xc00004baf0?})
	/Users/takao.yamasaki/go/src/todo_app_sample/app/controllers/server.go:19 +0x21f
todo_app_sample/app/controllers.signup({0x1005c5e48?, 0xc0000b82a0?}, 0xc00004bb18?)
	/Users/takao.yamasaki/go/src/todo_app_sample/app/controllers/route_auth.go:6 +0x87
net/http.HandlerFunc.ServeHTTP(0x1000459a0?, {0x1005c5e48?, 0xc0000b82a0?}, 0x1002907da?)
	/usr/local/go/src/net/http/server.go:2136 +0x29
net/http.(*ServeMux).ServeHTTP(0x1008719a0?, {0x1005c5e48, 0xc0000b82a0}, 0xc0000d4100)
	/usr/local/go/src/net/http/server.go:2514 +0x142
net/http.serverHandler.ServeHTTP({0xc000098660?}, {0x1005c5e48?, 0xc0000b82a0?}, 0x6?)
	/usr/local/go/src/net/http/server.go:2938 +0x8e
net/http.(*conn).serve(0xc00017a480, {0x1005c6638, 0xc000115380})
	/usr/local/go/src/net/http/server.go:2009 +0x5f4
created by net/http.(*Server).Serve in goroutine 1
	/usr/local/go/src/net/http/server.go:3086 +0x5cb
2023/10/19 09:40:47 server.go:3214: http: panic serving [::1]:64289: open app/views/templates/navbar.html: no such file or directory
goroutine 26 [running]:
net/http.(*conn).serve.func1()
	/usr/local/go/src/net/http/server.go:1868 +0xb9
panic({0x1004d7d00?, 0xc000099d40?})
	/usr/local/go/src/runtime/panic.go:920 +0x270
html/template.Must(...)
	/usr/local/go/src/html/template/template.go:368
todo_app_sample/app/controllers.generateHTML({0x1005c5e48?, 0xc0000b8540}, {0x0, 0x0}, {0xc000237a90?, 0x3, 0xc000237af0?})
	/Users/takao.yamasaki/go/src/todo_app_sample/app/controllers/server.go:19 +0x21f
todo_app_sample/app/controllers.signup({0x1005c5e48?, 0xc0000b8540?}, 0xc000237b18?)
	/Users/takao.yamasaki/go/src/todo_app_sample/app/controllers/route_auth.go:6 +0x87
net/http.HandlerFunc.ServeHTTP(0x1000459a0?, {0x1005c5e48?, 0xc0000b8540?}, 0x1002907da?)
	/usr/local/go/src/net/http/server.go:2136 +0x29
net/http.(*ServeMux).ServeHTTP(0x1008719a0?, {0x1005c5e48, 0xc0000b8540}, 0xc0000d4200)
	/usr/local/go/src/net/http/server.go:2514 +0x142
net/http.serverHandler.ServeHTTP({0xc0001c6120?}, {0x1005c5e48?, 0xc0000b8540?}, 0x6?)
	/usr/local/go/src/net/http/server.go:2938 +0x8e
net/http.(*conn).serve(0xc00017a510, {0x1005c6638, 0xc000115380})
	/usr/local/go/src/net/http/server.go:2009 +0x5f4
created by net/http.(*Server).Serve in goroutine 1
	/usr/local/go/src/net/http/server.go:3086 +0x5cb
2023/10/19 09:40:47 server.go:3214: http: panic serving [::1]:64290: open app/views/templates/navbar.html: no such file or directory
goroutine 6 [running]:
net/http.(*conn).serve.func1()
	/usr/local/go/src/net/http/server.go:1868 +0xb9
panic({0x1004d7d00?, 0xc0001c65d0?})
	/usr/local/go/src/runtime/panic.go:920 +0x270
html/template.Must(...)
	/usr/local/go/src/html/template/template.go:368
todo_app_sample/app/controllers.generateHTML({0x1005c5e48?, 0xc00017e620}, {0x0, 0x0}, {0xc00004fa90?, 0x3, 0xc00004faf0?})
	/Users/takao.yamasaki/go/src/todo_app_sample/app/controllers/server.go:19 +0x21f
todo_app_sample/app/controllers.signup({0x1005c5e48?, 0xc00017e620?}, 0xc00004fb18?)
	/Users/takao.yamasaki/go/src/todo_app_sample/app/controllers/route_auth.go:6 +0x87
net/http.HandlerFunc.ServeHTTP(0x1000459a0?, {0x1005c5e48?, 0xc00017e620?}, 0x1002907da?)
	/usr/local/go/src/net/http/server.go:2136 +0x29
net/http.(*ServeMux).ServeHTTP(0x1008719a0?, {0x1005c5e48, 0xc00017e620}, 0xc000332200)
	/usr/local/go/src/net/http/server.go:2514 +0x142
net/http.serverHandler.ServeHTTP({0xc000337bf0?}, {0x1005c5e48?, 0xc00017e620?}, 0x6?)
	/usr/local/go/src/net/http/server.go:2938 +0x8e
net/http.(*conn).serve(0xc00034c090, {0x1005c6638, 0xc000115380})
	/usr/local/go/src/net/http/server.go:2009 +0x5f4
created by net/http.(*Server).Serve in goroutine 1
	/usr/local/go/src/net/http/server.go:3086 +0x5cb
2023/10/19 09:40:47 server.go:3214: http: panic serving [::1]:64291: open app/views/templates/navbar.html: no such file or directory
goroutine 7 [running]:
net/http.(*conn).serve.func1()
	/usr/local/go/src/net/http/server.go:1868 +0xb9
panic({0x1004d7d00?, 0xc000378180?})
	/usr/local/go/src/runtime/panic.go:920 +0x270
html/template.Must(...)
	/usr/local/go/src/html/template/template.go:368
todo_app_sample/app/controllers.generateHTML({0x1005c5e48?, 0xc0003581c0}, {0x0, 0x0}, {0xc000050a90?, 0x3, 0xc000050af0?})
	/Users/takao.yamasaki/go/src/todo_app_sample/app/controllers/server.go:19 +0x21f
todo_app_sample/app/controllers.signup({0x1005c5e48?, 0xc0003581c0?}, 0xc000050b18?)
	/Users/takao.yamasaki/go/src/todo_app_sample/app/controllers/route_auth.go:6 +0x87
net/http.HandlerFunc.ServeHTTP(0x1000459a0?, {0x1005c5e48?, 0xc0003581c0?}, 0x1002907da?)
	/usr/local/go/src/net/http/server.go:2136 +0x29
net/http.(*ServeMux).ServeHTTP(0x1008719a0?, {0x1005c5e48, 0xc0003581c0}, 0xc000332300)
	/usr/local/go/src/net/http/server.go:2514 +0x142
net/http.serverHandler.ServeHTTP({0xc000337cb0?}, {0x1005c5e48?, 0xc0003581c0?}, 0x6?)
	/usr/local/go/src/net/http/server.go:2938 +0x8e
net/http.(*conn).serve(0xc00034c120, {0x1005c6638, 0xc000115380})
	/usr/local/go/src/net/http/server.go:2009 +0x5f4
created by net/http.(*Server).Serve in goroutine 1
	/usr/local/go/src/net/http/server.go:3086 +0x5cb
2023/10/19 09:40:48 server.go:3214: http: panic serving [::1]:64292: open app/views/templates/navbar.html: no such file or directory
goroutine 40 [running]:
net/http.(*conn).serve.func1()
	/usr/local/go/src/net/http/server.go:1868 +0xb9
panic({0x1004d7d00?, 0xc000378660?})
	/usr/local/go/src/runtime/panic.go:920 +0x270
html/template.Must(...)
	/usr/local/go/src/html/template/template.go:368
todo_app_sample/app/controllers.generateHTML({0x1005c5e48?, 0xc000358380}, {0x0, 0x0}, {0xc00004aa90?, 0x3, 0xc00004aaf0?})
	/Users/takao.yamasaki/go/src/todo_app_sample/app/controllers/server.go:19 +0x21f
todo_app_sample/app/controllers.signup({0x1005c5e48?, 0xc000358380?}, 0xc00004ab18?)
	/Users/takao.yamasaki/go/src/todo_app_sample/app/controllers/route_auth.go:6 +0x87
net/http.HandlerFunc.ServeHTTP(0x1000459a0?, {0x1005c5e48?, 0xc000358380?}, 0x1002907da?)
	/usr/local/go/src/net/http/server.go:2136 +0x29
net/http.(*ServeMux).ServeHTTP(0x1008719a0?, {0x1005c5e48, 0xc000358380}, 0xc0000d4300)
	/usr/local/go/src/net/http/server.go:2514 +0x142
net/http.serverHandler.ServeHTTP({0xc000099e60?}, {0x1005c5e48?, 0xc000358380?}, 0x6?)
	/usr/local/go/src/net/http/server.go:2938 +0x8e
net/http.(*conn).serve(0xc0000945a0, {0x1005c6638, 0xc000115380})
	/usr/local/go/src/net/http/server.go:2009 +0x5f4
created by net/http.(*Server).Serve in goroutine 1
	/usr/local/go/src/net/http/server.go:3086 +0x5cb
2023/10/19 09:42:02 server.go:37: server start at 8080
